<?xml version="1.0" encoding="UTF-8"?>
<!-- Generated by org.testng.reporters.JUnitReportReporter -->
<testsuite skipped="0" hostname="LAPTOP-GMEDNO1N" name="com.cybersuccess.maven.MavenAutomation1.SampleTest" tests="1" failures="0" timestamp="2021-03-03T13:24:15 IST" time="27.306" errors="0">
  <testcase name="sampleTest" time="27.306" classname="com.cybersuccess.maven.MavenAutomation1.SampleTest"/>
  <system-out/>
</testsuite> <!-- com.cybersuccess.maven.MavenAutomation1.SampleTest -->
