<?xml version="1.0" encoding="UTF-8"?>
<!-- Generated by org.testng.reporters.JUnitReportReporter -->
<testsuite skipped="0" hostname="LAPTOP-GMEDNO1N" name="com.cybersuccess.maven.MavenAutomation1.DemoTest" tests="1" failures="0" timestamp="2021-03-03T13:24:15 IST" time="37.148" errors="0">
  <testcase name="demoTest" time="37.148" classname="com.cybersuccess.maven.MavenAutomation1.DemoTest"/>
  <system-out/>
</testsuite> <!-- com.cybersuccess.maven.MavenAutomation1.DemoTest -->
